[PYRUNS] ⌘⌘⌘⌘⌘ Task 测试 started at 2026-02-20_17-08-24 ⌘⌘⌘⌘⌘
🚀 Starting training with SGD optimizer!
Hyperparameters: LR=0.005
Epoch 1/20 - Loss: 2.0000
Epoch 2/20 - Loss: 1.0000
Epoch 3/20 - Loss: 0.6667
Epoch 4/20 - Loss: 0.5000
Epoch 5/20 - Loss: 0.4000
Epoch 6/20 - Loss: 0.3333
Epoch 7/20 - Loss: 0.2857
Epoch 8/20 - Loss: 0.2500
Epoch 9/20 - Loss: 0.2222
Epoch 10/20 - Loss: 0.2000
Epoch 11/20 - Loss: 0.1818
Epoch 12/20 - Loss: 0.1667
Epoch 13/20 - Loss: 0.1538
Epoch 14/20 - Loss: 0.1429
Epoch 15/20 - Loss: 0.1333
Epoch 16/20 - Loss: 0.1250
Epoch 17/20 - Loss: 0.1176
Epoch 18/20 - Loss: 0.1111
Epoch 19/20 - Loss: 0.1053
Epoch 20/20 - Loss: 0.1000
✅ Training complete.
[PYRUNS] ⌘⌘⌘⌘⌘ Task 测试 finished at 2026-02-20_17-08-34 ⌘⌘⌘⌘⌘
